<?xml version="1.0" encoding="UTF-8"?>
<!-- Generated by org.testng.reporters.JUnitReportReporter -->
<testsuite hostname="DESKTOP-VDSA3OS" failures="0" tests="1" name="basicprograms.Practiceform" time="39.340" errors="0" timestamp="2024-05-23T12:39:41 IST" skipped="0">
  <testcase classname="basicprograms.Practiceform" name="Registerform" time="39.340"/>
  <system-out/>
</testsuite> <!-- basicprograms.Practiceform -->
